<PluginResults pluginName="SimpleCalcPlugin" forceWeight="1.35e+07" >
    <LoadCaseResults loadCaseNumber="1" >
        <NodeResults dispX="0" dispY="0.5" nodeNumber="1" />
        <NodeResults dispX="0" dispY="0.3" nodeNumber="2" />
        <NodeResults dispX="0" dispY="0" nodeNumber="3" />
        <NodeResults dispX="0.7" dispY="0.5" nodeNumber="4" />
        <NodeResults dispX="0.3" dispY="0.3" nodeNumber="5" />
        <PivotResults stress="25000" pivotNumber="1" requiredThickness="0.11" />
        <PivotResults stress="15000" pivotNumber="2" requiredThickness="0.12" />
        <PivotResults stress="5000" pivotNumber="3" requiredThickness="0.09" />
        <PivotResults stress="-5000" pivotNumber="4" requiredThickness="0.05" />
        <PivotResults stress="-15000" pivotNumber="5" requiredThickness="0.14" />
    </LoadCaseResults>
    <LoadCaseResults loadCaseNumber="2" />
    <LoadCaseResults loadCaseNumber="3" />
</PluginResults> 
